------------------------------------------------------------
/home/dfdeshom/code/cogtree/venvs/ptrack/bin/pip run on Thu Dec 18 15:16:29 2014
Downloading/unpacking solrcloudpy
  Getting page https://pypi.cogtree.com/simple/solrcloudpy/
Cleaning up...
  Removing temporary dir /home/dfdeshom/code/cogtree/venvs/ptrack/build...
Operation cancelled by user
Exception information:
Traceback (most recent call last):
  File "/home/dfdeshom/code/cogtree/venvs/ptrack/local/lib/python2.7/site-packages/pip/basecommand.py", line 122, in main
    status = self.run(options, args)
  File "/home/dfdeshom/code/cogtree/venvs/ptrack/local/lib/python2.7/site-packages/pip/commands/install.py", line 278, in run
    requirement_set.prepare_files(finder, force_root_egg_info=self.bundle, bundle=self.bundle)
  File "/home/dfdeshom/code/cogtree/venvs/ptrack/local/lib/python2.7/site-packages/pip/req.py", line 1177, in prepare_files
    url = finder.find_requirement(req_to_install, upgrade=self.upgrade)
  File "/home/dfdeshom/code/cogtree/venvs/ptrack/local/lib/python2.7/site-packages/pip/index.py", line 194, in find_requirement
    page = self._get_page(main_index_url, req)
  File "/home/dfdeshom/code/cogtree/venvs/ptrack/local/lib/python2.7/site-packages/pip/index.py", line 568, in _get_page
    session=self.session,
  File "/home/dfdeshom/code/cogtree/venvs/ptrack/local/lib/python2.7/site-packages/pip/index.py", line 670, in get_page
    resp = session.get(url, headers={"Accept": "text/html"})
  File "/home/dfdeshom/code/cogtree/venvs/ptrack/local/lib/python2.7/site-packages/pip/_vendor/requests/sessions.py", line 468, in get
    return self.request('GET', url, **kwargs)
  File "/home/dfdeshom/code/cogtree/venvs/ptrack/local/lib/python2.7/site-packages/pip/download.py", line 237, in request
    return super(PipSession, self).request(method, url, *args, **kwargs)
  File "/home/dfdeshom/code/cogtree/venvs/ptrack/local/lib/python2.7/site-packages/pip/_vendor/requests/sessions.py", line 456, in request
    resp = self.send(prep, **send_kwargs)
  File "/home/dfdeshom/code/cogtree/venvs/ptrack/local/lib/python2.7/site-packages/pip/_vendor/requests/sessions.py", line 559, in send
    r = adapter.send(request, **kwargs)
  File "/home/dfdeshom/code/cogtree/venvs/ptrack/local/lib/python2.7/site-packages/pip/_vendor/requests/adapters.py", line 327, in send
    timeout=timeout
  File "/home/dfdeshom/code/cogtree/venvs/ptrack/local/lib/python2.7/site-packages/pip/_vendor/requests/packages/urllib3/connectionpool.py", line 493, in urlopen
    body=body, headers=headers)
  File "/home/dfdeshom/code/cogtree/venvs/ptrack/local/lib/python2.7/site-packages/pip/_vendor/requests/packages/urllib3/connectionpool.py", line 291, in _make_request
    conn.request(method, url, **httplib_request_kw)
  File "/usr/lib/python2.7/httplib.py", line 1001, in request
    self._send_request(method, url, body, headers)
  File "/usr/lib/python2.7/httplib.py", line 1035, in _send_request
    self.endheaders(body)
  File "/usr/lib/python2.7/httplib.py", line 997, in endheaders
    self._send_output(message_body)
  File "/usr/lib/python2.7/httplib.py", line 850, in _send_output
    self.send(msg)
  File "/usr/lib/python2.7/httplib.py", line 812, in send
    self.connect()
  File "/home/dfdeshom/code/cogtree/venvs/ptrack/local/lib/python2.7/site-packages/pip/_vendor/requests/packages/urllib3/connection.py", line 159, in connect
    **self.conn_kw)
  File "/usr/lib/python2.7/socket.py", line 553, in create_connection
    for res in getaddrinfo(host, port, 0, SOCK_STREAM):
KeyboardInterrupt
